<?xml version="1.0" encoding="UTF-8"?>
<!-- Generated by org.testng.reporters.JUnitXMLReporter -->
<testsuite ignored="2" hostname="Maithili" failures="1" tests="2" name="Test" time="71.805" errors="0" timestamp="2025-11-12T18:52:56 IST">
  <testcase classname="Test.LoginTest" name="loginInvalidCredentials" time="31.15">
    <skipped/>
  </testcase> <!-- loginInvalidCredentials -->
  <testcase classname="Test.LoginTest" name="loginInvalidCredentials" time="31.015">
    <failure type="java.lang.AssertionError" message="expected [true] but found [false]">
      <![CDATA[java.lang.AssertionError: expected [true] but found [false]
at Test.LoginTest.loginInvalidCredentials(LoginTest.java:42)
at java.base/java.util.ArrayList.forEach(ArrayList.java:1596)
... Removed 29 stack frames]]>
    </failure>
  </testcase> <!-- loginInvalidCredentials -->
  <testcase classname="Test.LoginTest" name="LoginMultipleCombo" time="0.0">
    <ignored/>
  </testcase> <!-- LoginMultipleCombo -->
  <testcase classname="Test.LoginTest" name="loginValidCredentials" time="0.0">
    <ignored/>
  </testcase> <!-- loginValidCredentials -->
</testsuite> <!-- Test -->
