<?xml version="1.0" encoding="UTF-8"?>
<!-- Generated by org.testng.reporters.JUnitXMLReporter -->
<testsuite ignored="2" hostname="Maithili" failures="0" tests="1" name="Test" time="3.189" errors="0" timestamp="2025-12-12T17:52:58 IST">
  <testcase classname="base.BaseTest" name="@BeforeMethod launchApp" time="2.3">
    <failure type="java.lang.NullPointerException">
      <![CDATA[java.lang.NullPointerException
at java.base/java.util.Objects.requireNonNull(Objects.java:220)
at java.base/java.util.ImmutableCollections$Map1.<init>(ImmutableCollections.java:1351)
at java.base/java.util.Map.of(Map.java:1364)
at org.openqa.selenium.remote.DriverCommand.GET(DriverCommand.java:174)
at org.openqa.selenium.remote.RemoteWebDriver.get(RemoteWebDriver.java:325)
at base.BaseTest.launchApp(BaseTest.java:55)
at java.base/java.util.ArrayList.forEach(ArrayList.java:1604)
... Removed 33 stack frames]]>
    </failure>
  </testcase> <!-- @BeforeMethod launchApp -->
  <testcase classname="Test.LoginTest" name="loginInvalidCredentials" time="0.0">
    <skipped/>
  </testcase> <!-- loginInvalidCredentials -->
  <testcase classname="Test.LoginTest" name="loginMultipleCombo" time="0.0">
    <ignored/>
  </testcase> <!-- loginMultipleCombo -->
  <testcase classname="Test.LoginTest" name="loginValidCredentials" time="0.0">
    <ignored/>
  </testcase> <!-- loginValidCredentials -->
</testsuite> <!-- Test -->
