<?xml version="1.0" encoding="UTF-8"?>
<testng-results ignored="2" total="3" passed="1" failed="0" skipped="0">
  <reporter-output>
  </reporter-output>
  <suite started-at="2025-12-05T17:53:13 IST" name="Suite" finished-at="2025-12-05T17:53:21 IST" duration-ms="8234">
    <groups>
      <group name="regression">
        <method signature="LoginTest.loginInvalidCredentials()[pri:0, instance:Test.LoginTest@6ef888f6]" name="loginInvalidCredentials" class="Test.LoginTest"/>
      </group> <!-- regression -->
    </groups>
    <test started-at="2025-12-05T17:53:13 IST" name="Test" finished-at="2025-12-05T17:53:21 IST" duration-ms="8234">
      <class name="Test.LoginTest">
        <test-method is-config="true" signature="configureDriver()[pri:0, instance:Test.LoginTest@6ef888f6]" started-at="2025-12-05T17:53:12 IST" name="configureDriver" finished-at="2025-12-05T17:53:13 IST" duration-ms="544" status="PASS">
          <reporter-output>
          </reporter-output>
        </test-method> <!-- configureDriver -->
        <test-method is-config="true" signature="launchApp()[pri:0, instance:Test.LoginTest@6ef888f6]" started-at="2025-12-05T17:53:13 IST" name="launchApp" finished-at="2025-12-05T17:53:18 IST" duration-ms="4787" status="PASS">
          <reporter-output>
          </reporter-output>
        </test-method> <!-- launchApp -->
        <test-method is-config="true" signature="beforeMethod()[pri:0, instance:Test.LoginTest@6ef888f6]" started-at="2025-12-05T17:53:18 IST" name="beforeMethod" finished-at="2025-12-05T17:53:18 IST" duration-ms="10" status="PASS">
          <reporter-output>
          </reporter-output>
        </test-method> <!-- beforeMethod -->
        <test-method signature="loginInvalidCredentials()[pri:0, instance:Test.LoginTest@6ef888f6]" started-at="2025-12-05T17:53:18 IST" name="loginInvalidCredentials" finished-at="2025-12-05T17:53:21 IST" duration-ms="2875" status="PASS">
          <reporter-output>
          </reporter-output>
        </test-method> <!-- loginInvalidCredentials -->
        <test-method is-config="true" signature="tearDown()[pri:0, instance:Test.LoginTest@6ef888f6]" started-at="2025-12-05T17:53:21 IST" name="tearDown" finished-at="2025-12-05T17:53:21 IST" duration-ms="328" status="PASS">
          <reporter-output>
          </reporter-output>
        </test-method> <!-- tearDown -->
      </class> <!-- Test.LoginTest -->
    </test> <!-- Test -->
  </suite> <!-- Suite -->
</testng-results>
