<?xml version="1.0" encoding="UTF-8"?>
<!-- Generated by org.testng.reporters.JUnitReportReporter -->
<testsuite hostname="Maithili" failures="0" tests="3" name="Test.LoginTest" time="8.000" errors="0" timestamp="2025-12-05T17:53:22 IST" skipped="2">
  <testcase classname="Test.LoginTest" name="loginInvalidCredentials" time="8.000"/>
  <testcase classname="Test.LoginTest" name="loginMultipleCombo">
    <skipped/>
  </testcase> <!-- loginMultipleCombo -->
  <testcase classname="Test.LoginTest" name="loginValidCredentials">
    <skipped/>
  </testcase> <!-- loginValidCredentials -->
</testsuite> <!-- Test.LoginTest -->
